#
# There is insufficient memory for the Java Runtime Environment to continue.
# Native memory allocation (mmap) failed to map 65536 bytes for Failed to commit metaspace.
# Possible reasons:
#   The system is out of physical RAM or swap space
#   The process is running with CompressedOops enabled, and the Java Heap may be blocking the growth of the native heap
# Possible solutions:
#   Reduce memory load on the system
#   Increase physical memory or swap space
#   Check if swap backing store is full
#   Decrease Java heap size (-Xmx/-Xms)
#   Decrease number of Java threads
#   Decrease Java thread stack sizes (-Xss)
#   Set larger code cache with -XX:ReservedCodeCacheSize=
#   JVM is running with Unscaled Compressed Oops mode in which the Java heap is
#     placed in the first 4GB address space. The Java Heap base address is the
#     maximum limit for the native heap growth. Please use -XX:HeapBaseMinAddress
#     to set the Java Heap base and to place the Java Heap above 4GB virtual address.
# This output file may be truncated or incomplete.
#
#  Out of Memory Error (virtualSpaceNode.cpp:110), pid=14404, tid=22076
#
# JRE version: Java(TM) SE Runtime Environment (17.0.2+8) (build 17.0.2+8-LTS-86)
# Java VM: Java HotSpot(TM) 64-Bit Server VM (17.0.2+8-LTS-86, mixed mode, sharing, tiered, compressed oops, compressed class ptrs, g1 gc, windows-amd64)
# No core dump will be written. Minidumps are not enabled by default on client versions of Windows
#

---------------  S U M M A R Y ------------

Command Line: -Dfile.encoding=UTF-8 --module-path=E:\Documents\NetBeansProjects\Electricity Billing System\build\classes electricity.billing.system.Splash

Host: 11th Gen Intel(R) Core(TM) i5-1135G7 @ 2.40GHz, 8 cores, 7G,  Windows 11 , 64 bit Build 22000 (10.0.22000.2124)
Time: Tue Aug  1 22:45:31 2023 India Standard Time elapsed time: 0.127598 seconds (0d 0h 0m 0s)

---------------  T H R E A D  ---------------

Current thread (0x0000027fed50d580):  JavaThread "main" [_thread_in_vm, id=22076, stack(0x000000c035200000,0x000000c035300000)]

Stack: [0x000000c035200000,0x000000c035300000]
Native frames: (J=compiled Java code, j=interpreted, Vv=VM code, C=native code)
V  [jvm.dll+0x670baa]
V  [jvm.dll+0x7cfcb4]
V  [jvm.dll+0x7d145e]
V  [jvm.dll+0x7d1ac3]
V  [jvm.dll+0x242bc5]
V  [jvm.dll+0x7cbc5b]
V  [jvm.dll+0x616966]
V  [jvm.dll+0x6169ca]
V  [jvm.dll+0x6191da]
V  [jvm.dll+0x617306]
V  [jvm.dll+0x238627]
V  [jvm.dll+0x1e3a83]
V  [jvm.dll+0x1e8836]
V  [jvm.dll+0x1de251]
V  [jvm.dll+0x537c30]
V  [jvm.dll+0x1eea37]
V  [jvm.dll+0x74a15b]
V  [jvm.dll+0x74b502]
V  [jvm.dll+0x74b838]
V  [jvm.dll+0x23af1e]
V  [jvm.dll+0x23b16f]
V  [jvm.dll+0x5559e3]
V  [jvm.dll+0x557e64]
V  [jvm.dll+0x37eefe]
V  [jvm.dll+0x37e9a2]
C  0x0000027f80018a88

Java frames: (J=compiled Java code, j=interpreted, Vv=VM code)
j  java.awt.GraphicsEnvironment.getLocalGraphicsEnvironment()Ljava/awt/GraphicsEnvironment;+0 java.desktop@17.0.2
j  java.awt.Window.initGC(Ljava/awt/GraphicsConfiguration;)Ljava/awt/GraphicsConfiguration;+7 java.desktop@17.0.2
j  java.awt.Window.init(Ljava/awt/GraphicsConfiguration;)V+45 java.desktop@17.0.2
j  java.awt.Window.<init>()V+124 java.desktop@17.0.2
j  java.awt.Frame.<init>(Ljava/lang/String;)V+1 java.desktop@17.0.2
j  java.awt.Frame.<init>()V+3 java.desktop@17.0.2
j  javax.swing.JFrame.<init>()V+1 java.desktop@17.0.2
j  electricity.billing.system.Splash.<init>()V+1
j  electricity.billing.system.Splash.main([Ljava/lang/String;)V+4
v  ~StubRoutines::call_stub

---------------  P R O C E S S  ---------------

Threads class SMR info:
_java_thread_list=0x0000027ffd0afb50, length=12, elements={
0x0000027fed50d580, 0x0000027ffc407990, 0x0000027ffc408340, 0x0000027ffc41b470,
0x0000027ffc41be20, 0x0000027ffc41c7d0, 0x0000027ffc41d790, 0x0000027ffc425960,
0x0000027ffc431910, 0x0000027ffc433310, 0x0000027ffc3f2db0, 0x0000027ffd0e4c90
}

Java Threads: ( => current thread )
=>0x0000027fed50d580 JavaThread "main" [_thread_in_vm, id=22076, stack(0x000000c035200000,0x000000c035300000)]
  0x0000027ffc407990 JavaThread "Reference Handler" daemon [_thread_blocked, id=29688, stack(0x000000c035900000,0x000000c035a00000)]
  0x0000027ffc408340 JavaThread "Finalizer" daemon [_thread_blocked, id=26572, stack(0x000000c035a00000,0x000000c035b00000)]
  0x0000027ffc41b470 JavaThread "Signal Dispatcher" daemon [_thread_blocked, id=17600, stack(0x000000c035b00000,0x000000c035c00000)]
  0x0000027ffc41be20 JavaThread "Attach Listener" daemon [_thread_blocked, id=12536, stack(0x000000c035c00000,0x000000c035d00000)]
  0x0000027ffc41c7d0 JavaThread "Service Thread" daemon [_thread_blocked, id=23364, stack(0x000000c035d00000,0x000000c035e00000)]
  0x0000027ffc41d790 JavaThread "Monitor Deflation Thread" daemon [_thread_blocked, id=21376, stack(0x000000c035e00000,0x000000c035f00000)]
  0x0000027ffc425960 JavaThread "C2 CompilerThread0" daemon [_thread_blocked, id=11672, stack(0x000000c035f00000,0x000000c036000000)]
  0x0000027ffc431910 JavaThread "C1 CompilerThread0" daemon [_thread_in_vm, id=27680, stack(0x000000c036000000,0x000000c036100000)]
  0x0000027ffc433310 JavaThread "Sweeper thread" daemon [_thread_blocked, id=23800, stack(0x000000c036100000,0x000000c036200000)]
  0x0000027ffc3f2db0 JavaThread "Common-Cleaner" daemon [_thread_blocked, id=7612, stack(0x000000c036200000,0x000000c036300000)]
  0x0000027ffd0e4c90 JavaThread "Notification Thread" daemon [_thread_blocked, id=35240, stack(0x000000c036300000,0x000000c036400000)]

Other Threads:
  0x0000027ffc401ff0 VMThread "VM Thread" [stack: 0x000000c035800000,0x000000c035900000] [id=30792]
  0x0000027fed56e270 WatcherThread [stack: 0x000000c036400000,0x000000c036500000] [id=17844]
  0x0000027fed54bdf0 GCTaskThread "GC Thread#0" [stack: 0x000000c035300000,0x000000c035400000] [id=25968]
  0x0000027fed55c510 ConcurrentGCThread "G1 Main Marker" [stack: 0x000000c035400000,0x000000c035500000] [id=2032]
  0x0000027fed55e470 ConcurrentGCThread "G1 Conc#0" [stack: 0x000000c035500000,0x000000c035600000] [id=12124]
  0x0000027fed5dac40 ConcurrentGCThread "G1 Refine#0" [stack: 0x000000c035600000,0x000000c035700000] [id=33740]
  0x0000027fed5db400 ConcurrentGCThread "G1 Service" [stack: 0x000000c035700000,0x000000c035800000] [id=33332]

Threads with active compile tasks:
C1 CompilerThread0      146  329       3       java.lang.reflect.Modifier::isProtected (12 bytes)

VM state: not at safepoint (normal execution)

VM Mutex/Monitor currently owned by a thread:  ([mutex/lock_event])
[0x0000027fed5081a0] Metaspace_lock - owner thread: 0x0000027fed50d580
[0x0000027fed509640] MethodData_lock - owner thread: 0x0000027ffc431910

Heap address: 0x0000000084400000, size: 1980 MB, Compressed Oops mode: 32-bit

CDS archive(s) mapped at: [0x0000000800000000-0x0000000800bc0000-0x0000000800bc0000), size 12320768, SharedBaseAddress: 0x0000000800000000, ArchiveRelocationMode: 0.
Compressed class space mapped at: 0x0000000800c00000-0x0000000840c00000, reserved size: 1073741824
Narrow klass base: 0x0000000800000000, Narrow klass shift: 0, Narrow klass range: 0x100000000

GC Precious Log:
 CPUs: 8 total, 8 available
 Memory: 7914M
 Large Page Support: Disabled
 NUMA Support: Disabled
 Compressed Oops: Enabled (32-bit)
 Heap Region Size: 1M
 Heap Min Capacity: 8M
 Heap Initial Capacity: 124M
 Heap Max Capacity: 1980M
 Pre-touch: Disabled
 Parallel Workers: 8
 Concurrent Workers: 2
 Concurrent Refinement Workers: 8
 Periodic GC: Disabled

Heap:
 garbage-first heap   total 126976K, used 2048K [0x0000000084400000, 0x0000000100000000)
  region size 1024K, 3 young (3072K), 0 survivors (0K)
 Metaspace       used 1727K, committed 1856K, reserved 1056768K
  class space    used 148K, committed 256K, reserved 1048576K

Heap Regions: E=young(eden), S=young(survivor), O=old, HS=humongous(starts), HC=humongous(continues), CS=collection set, F=free, OA=open archive, CA=closed archive, TAMS=top-at-mark-start (previous, next)
|   0|0x0000000084400000, 0x0000000084400000, 0x0000000084500000|  0%| F|  |TAMS 0x0000000084400000, 0x0000000084400000| Untracked 
|   1|0x0000000084500000, 0x0000000084500000, 0x0000000084600000|  0%| F|  |TAMS 0x0000000084500000, 0x0000000084500000| Untracked 
|   2|0x0000000084600000, 0x0000000084600000, 0x0000000084700000|  0%| F|  |TAMS 0x0000000084600000, 0x0000000084600000| Untracked 
|   3|0x0000000084700000, 0x0000000084700000, 0x0000000084800000|  0%| F|  |TAMS 0x0000000084700000, 0x0000000084700000| Untracked 
|   4|0x0000000084800000, 0x0000000084800000, 0x0000000084900000|  0%| F|  |TAMS 0x0000000084800000, 0x0000000084800000| Untracked 
|   5|0x0000000084900000, 0x0000000084900000, 0x0000000084a00000|  0%| F|  |TAMS 0x0000000084900000, 0x0000000084900000| Untracked 
|   6|0x0000000084a00000, 0x0000000084a00000, 0x0000000084b00000|  0%| F|  |TAMS 0x0000000084a00000, 0x0000000084a00000| Untracked 
|   7|0x0000000084b00000, 0x0000000084b00000, 0x0000000084c00000|  0%| F|  |TAMS 0x0000000084b00000, 0x0000000084b00000| Untracked 
|   8|0x0000000084c00000, 0x0000000084c00000, 0x0000000084d00000|  0%| F|  |TAMS 0x0000000084c00000, 0x0000000084c00000| Untracked 
|   9|0x0000000084d00000, 0x0000000084d00000, 0x0000000084e00000|  0%| F|  |TAMS 0x0000000084d00000, 0x0000000084d00000| Untracked 
|  10|0x0000000084e00000, 0x0000000084e00000, 0x0000000084f00000|  0%| F|  |TAMS 0x0000000084e00000, 0x0000000084e00000| Untracked 
|  11|0x0000000084f00000, 0x0000000084f00000, 0x0000000085000000|  0%| F|  |TAMS 0x0000000084f00000, 0x0000000084f00000| Untracked 
|  12|0x0000000085000000, 0x0000000085000000, 0x0000000085100000|  0%| F|  |TAMS 0x0000000085000000, 0x0000000085000000| Untracked 
|  13|0x0000000085100000, 0x0000000085100000, 0x0000000085200000|  0%| F|  |TAMS 0x0000000085100000, 0x0000000085100000| Untracked 
|  14|0x0000000085200000, 0x0000000085200000, 0x0000000085300000|  0%| F|  |TAMS 0x0000000085200000, 0x0000000085200000| Untracked 
|  15|0x0000000085300000, 0x0000000085300000, 0x0000000085400000|  0%| F|  |TAMS 0x0000000085300000, 0x0000000085300000| Untracked 
|  16|0x0000000085400000, 0x0000000085400000, 0x0000000085500000|  0%| F|  |TAMS 0x0000000085400000, 0x0000000085400000| Untracked 
|  17|0x0000000085500000, 0x0000000085500000, 0x0000000085600000|  0%| F|  |TAMS 0x0000000085500000, 0x0000000085500000| Untracked 
|  18|0x0000000085600000, 0x0000000085600000, 0x0000000085700000|  0%| F|  |TAMS 0x0000000085600000, 0x0000000085600000| Untracked 
|  19|0x0000000085700000, 0x0000000085700000, 0x0000000085800000|  0%| F|  |TAMS 0x0000000085700000, 0x0000000085700000| Untracked 
|  20|0x0000000085800000, 0x0000000085800000, 0x0000000085900000|  0%| F|  |TAMS 0x0000000085800000, 0x0000000085800000| Untracked 
|  21|0x0000000085900000, 0x0000000085900000, 0x0000000085a00000|  0%| F|  |TAMS 0x0000000085900000, 0x0000000085900000| Untracked 
|  22|0x0000000085a00000, 0x0000000085a00000, 0x0000000085b00000|  0%| F|  |TAMS 0x0000000085a00000, 0x0000000085a00000| Untracked 
|  23|0x0000000085b00000, 0x0000000085b00000, 0x0000000085c00000|  0%| F|  |TAMS 0x0000000085b00000, 0x0000000085b00000| Untracked 
|  24|0x0000000085c00000, 0x0000000085c00000, 0x0000000085d00000|  0%| F|  |TAMS 0x0000000085c00000, 0x0000000085c00000| Untracked 
|  25|0x0000000085d00000, 0x0000000085d00000, 0x0000000085e00000|  0%| F|  |TAMS 0x0000000085d00000, 0x0000000085d00000| Untracked 
|  26|0x0000000085e00000, 0x0000000085e00000, 0x0000000085f00000|  0%| F|  |TAMS 0x0000000085e00000, 0x0000000085e00000| Untracked 
|  27|0x0000000085f00000, 0x0000000085f00000, 0x0000000086000000|  0%| F|  |TAMS 0x0000000085f00000, 0x0000000085f00000| Untracked 
|  28|0x0000000086000000, 0x0000000086000000, 0x0000000086100000|  0%| F|  |TAMS 0x0000000086000000, 0x0000000086000000| Untracked 
|  29|0x0000000086100000, 0x0000000086100000, 0x0000000086200000|  0%| F|  |TAMS 0x0000000086100000, 0x0000000086100000| Untracked 
|  30|0x0000000086200000, 0x0000000086200000, 0x0000000086300000|  0%| F|  |TAMS 0x0000000086200000, 0x0000000086200000| Untracked 
|  31|0x0000000086300000, 0x0000000086300000, 0x0000000086400000|  0%| F|  |TAMS 0x0000000086300000, 0x0000000086300000| Untracked 
|  32|0x0000000086400000, 0x0000000086400000, 0x0000000086500000|  0%| F|  |TAMS 0x0000000086400000, 0x0000000086400000| Untracked 
|  33|0x0000000086500000, 0x0000000086500000, 0x0000000086600000|  0%| F|  |TAMS 0x0000000086500000, 0x0000000086500000| Untracked 
|  34|0x0000000086600000, 0x0000000086600000, 0x0000000086700000|  0%| F|  |TAMS 0x0000000086600000, 0x0000000086600000| Untracked 
|  35|0x0000000086700000, 0x0000000086700000, 0x0000000086800000|  0%| F|  |TAMS 0x0000000086700000, 0x0000000086700000| Untracked 
|  36|0x0000000086800000, 0x0000000086800000, 0x0000000086900000|  0%| F|  |TAMS 0x0000000086800000, 0x0000000086800000| Untracked 
|  37|0x0000000086900000, 0x0000000086900000, 0x0000000086a00000|  0%| F|  |TAMS 0x0000000086900000, 0x0000000086900000| Untracked 
|  38|0x0000000086a00000, 0x0000000086a00000, 0x0000000086b00000|  0%| F|  |TAMS 0x0000000086a00000, 0x0000000086a00000| Untracked 
|  39|0x0000000086b00000, 0x0000000086b00000, 0x0000000086c00000|  0%| F|  |TAMS 0x0000000086b00000, 0x0000000086b00000| Untracked 
|  40|0x0000000086c00000, 0x0000000086c00000, 0x0000000086d00000|  0%| F|  |TAMS 0x0000000086c00000, 0x0000000086c00000| Untracked 
|  41|0x0000000086d00000, 0x0000000086d00000, 0x0000000086e00000|  0%| F|  |TAMS 0x0000000086d00000, 0x0000000086d00000| Untracked 
|  42|0x0000000086e00000, 0x0000000086e00000, 0x0000000086f00000|  0%| F|  |TAMS 0x0000000086e00000, 0x0000000086e00000| Untracked 
|  43|0x0000000086f00000, 0x0000000086f00000, 0x0000000087000000|  0%| F|  |TAMS 0x0000000086f00000, 0x0000000086f00000| Untracked 
|  44|0x0000000087000000, 0x0000000087000000, 0x0000000087100000|  0%| F|  |TAMS 0x0000000087000000, 0x0000000087000000| Untracked 
|  45|0x0000000087100000, 0x0000000087100000, 0x0000000087200000|  0%| F|  |TAMS 0x0000000087100000, 0x0000000087100000| Untracked 
|  46|0x0000000087200000, 0x0000000087200000, 0x0000000087300000|  0%| F|  |TAMS 0x0000000087200000, 0x0000000087200000| Untracked 
|  47|0x0000000087300000, 0x0000000087300000, 0x0000000087400000|  0%| F|  |TAMS 0x0000000087300000, 0x0000000087300000| Untracked 
|  48|0x0000000087400000, 0x0000000087400000, 0x0000000087500000|  0%| F|  |TAMS 0x0000000087400000, 0x0000000087400000| Untracked 
|  49|0x0000000087500000, 0x0000000087500000, 0x0000000087600000|  0%| F|  |TAMS 0x0000000087500000, 0x0000000087500000| Untracked 
|  50|0x0000000087600000, 0x0000000087600000, 0x0000000087700000|  0%| F|  |TAMS 0x0000000087600000, 0x0000000087600000| Untracked 
|  51|0x0000000087700000, 0x0000000087700000, 0x0000000087800000|  0%| F|  |TAMS 0x0000000087700000, 0x0000000087700000| Untracked 
|  52|0x0000000087800000, 0x0000000087800000, 0x0000000087900000|  0%| F|  |TAMS 0x0000000087800000, 0x0000000087800000| Untracked 
|  53|0x0000000087900000, 0x0000000087900000, 0x0000000087a00000|  0%| F|  |TAMS 0x0000000087900000, 0x0000000087900000| Untracked 
|  54|0x0000000087a00000, 0x0000000087a00000, 0x0000000087b00000|  0%| F|  |TAMS 0x0000000087a00000, 0x0000000087a00000| Untracked 
|  55|0x0000000087b00000, 0x0000000087b00000, 0x0000000087c00000|  0%| F|  |TAMS 0x0000000087b00000, 0x0000000087b00000| Untracked 
|  56|0x0000000087c00000, 0x0000000087c00000, 0x0000000087d00000|  0%| F|  |TAMS 0x0000000087c00000, 0x0000000087c00000| Untracked 
|  57|0x0000000087d00000, 0x0000000087d00000, 0x0000000087e00000|  0%| F|  |TAMS 0x0000000087d00000, 0x0000000087d00000| Untracked 
|  58|0x0000000087e00000, 0x0000000087e00000, 0x0000000087f00000|  0%| F|  |TAMS 0x0000000087e00000, 0x0000000087e00000| Untracked 
|  59|0x0000000087f00000, 0x0000000087f00000, 0x0000000088000000|  0%| F|  |TAMS 0x0000000087f00000, 0x0000000087f00000| Untracked 
|  60|0x0000000088000000, 0x0000000088000000, 0x0000000088100000|  0%| F|  |TAMS 0x0000000088000000, 0x0000000088000000| Untracked 
|  61|0x0000000088100000, 0x0000000088100000, 0x0000000088200000|  0%| F|  |TAMS 0x0000000088100000, 0x0000000088100000| Untracked 
|  62|0x0000000088200000, 0x0000000088200000, 0x0000000088300000|  0%| F|  |TAMS 0x0000000088200000, 0x0000000088200000| Untracked 
|  63|0x0000000088300000, 0x0000000088300000, 0x0000000088400000|  0%| F|  |TAMS 0x0000000088300000, 0x0000000088300000| Untracked 
|  64|0x0000000088400000, 0x0000000088400000, 0x0000000088500000|  0%| F|  |TAMS 0x0000000088400000, 0x0000000088400000| Untracked 
|  65|0x0000000088500000, 0x0000000088500000, 0x0000000088600000|  0%| F|  |TAMS 0x0000000088500000, 0x0000000088500000| Untracked 
|  66|0x0000000088600000, 0x0000000088600000, 0x0000000088700000|  0%| F|  |TAMS 0x0000000088600000, 0x0000000088600000| Untracked 
|  67|0x0000000088700000, 0x0000000088700000, 0x0000000088800000|  0%| F|  |TAMS 0x0000000088700000, 0x0000000088700000| Untracked 
|  68|0x0000000088800000, 0x0000000088800000, 0x0000000088900000|  0%| F|  |TAMS 0x0000000088800000, 0x0000000088800000| Untracked 
|  69|0x0000000088900000, 0x0000000088900000, 0x0000000088a00000|  0%| F|  |TAMS 0x0000000088900000, 0x0000000088900000| Untracked 
|  70|0x0000000088a00000, 0x0000000088a00000, 0x0000000088b00000|  0%| F|  |TAMS 0x0000000088a00000, 0x0000000088a00000| Untracked 
|  71|0x0000000088b00000, 0x0000000088b00000, 0x0000000088c00000|  0%| F|  |TAMS 0x0000000088b00000, 0x0000000088b00000| Untracked 
|  72|0x0000000088c00000, 0x0000000088c00000, 0x0000000088d00000|  0%| F|  |TAMS 0x0000000088c00000, 0x0000000088c00000| Untracked 
|  73|0x0000000088d00000, 0x0000000088d00000, 0x0000000088e00000|  0%| F|  |TAMS 0x0000000088d00000, 0x0000000088d00000| Untracked 
|  74|0x0000000088e00000, 0x0000000088e00000, 0x0000000088f00000|  0%| F|  |TAMS 0x0000000088e00000, 0x0000000088e00000| Untracked 
|  75|0x0000000088f00000, 0x0000000088f00000, 0x0000000089000000|  0%| F|  |TAMS 0x0000000088f00000, 0x0000000088f00000| Untracked 
|  76|0x0000000089000000, 0x0000000089000000, 0x0000000089100000|  0%| F|  |TAMS 0x0000000089000000, 0x0000000089000000| Untracked 
|  77|0x0000000089100000, 0x0000000089100000, 0x0000000089200000|  0%| F|  |TAMS 0x0000000089100000, 0x0000000089100000| Untracked 
|  78|0x0000000089200000, 0x0000000089200000, 0x0000000089300000|  0%| F|  |TAMS 0x0000000089200000, 0x0000000089200000| Untracked 
|  79|0x0000000089300000, 0x0000000089300000, 0x0000000089400000|  0%| F|  |TAMS 0x0000000089300000, 0x0000000089300000| Untracked 
|  80|0x0000000089400000, 0x0000000089400000, 0x0000000089500000|  0%| F|  |TAMS 0x0000000089400000, 0x0000000089400000| Untracked 
|  81|0x0000000089500000, 0x0000000089500000, 0x0000000089600000|  0%| F|  |TAMS 0x0000000089500000, 0x0000000089500000| Untracked 
|  82|0x0000000089600000, 0x0000000089600000, 0x0000000089700000|  0%| F|  |TAMS 0x0000000089600000, 0x0000000089600000| Untracked 
|  83|0x0000000089700000, 0x0000000089700000, 0x0000000089800000|  0%| F|  |TAMS 0x0000000089700000, 0x0000000089700000| Untracked 
|  84|0x0000000089800000, 0x0000000089800000, 0x0000000089900000|  0%| F|  |TAMS 0x0000000089800000, 0x0000000089800000| Untracked 
|  85|0x0000000089900000, 0x0000000089900000, 0x0000000089a00000|  0%| F|  |TAMS 0x0000000089900000, 0x0000000089900000| Untracked 
|  86|0x0000000089a00000, 0x0000000089a00000, 0x0000000089b00000|  0%| F|  |TAMS 0x0000000089a00000, 0x0000000089a00000| Untracked 
|  87|0x0000000089b00000, 0x0000000089b00000, 0x0000000089c00000|  0%| F|  |TAMS 0x0000000089b00000, 0x0000000089b00000| Untracked 
|  88|0x0000000089c00000, 0x0000000089c00000, 0x0000000089d00000|  0%| F|  |TAMS 0x0000000089c00000, 0x0000000089c00000| Untracked 
|  89|0x0000000089d00000, 0x0000000089d00000, 0x0000000089e00000|  0%| F|  |TAMS 0x0000000089d00000, 0x0000000089d00000| Untracked 
|  90|0x0000000089e00000, 0x0000000089e00000, 0x0000000089f00000|  0%| F|  |TAMS 0x0000000089e00000, 0x0000000089e00000| Untracked 
|  91|0x0000000089f00000, 0x0000000089f00000, 0x000000008a000000|  0%| F|  |TAMS 0x0000000089f00000, 0x0000000089f00000| Untracked 
|  92|0x000000008a000000, 0x000000008a000000, 0x000000008a100000|  0%| F|  |TAMS 0x000000008a000000, 0x000000008a000000| Untracked 
|  93|0x000000008a100000, 0x000000008a100000, 0x000000008a200000|  0%| F|  |TAMS 0x000000008a100000, 0x000000008a100000| Untracked 
|  94|0x000000008a200000, 0x000000008a200000, 0x000000008a300000|  0%| F|  |TAMS 0x000000008a200000, 0x000000008a200000| Untracked 
|  95|0x000000008a300000, 0x000000008a300000, 0x000000008a400000|  0%| F|  |TAMS 0x000000008a300000, 0x000000008a300000| Untracked 
|  96|0x000000008a400000, 0x000000008a400000, 0x000000008a500000|  0%| F|  |TAMS 0x000000008a400000, 0x000000008a400000| Untracked 
|  97|0x000000008a500000, 0x000000008a500000, 0x000000008a600000|  0%| F|  |TAMS 0x000000008a500000, 0x000000008a500000| Untracked 
|  98|0x000000008a600000, 0x000000008a600000, 0x000000008a700000|  0%| F|  |TAMS 0x000000008a600000, 0x000000008a600000| Untracked 
|  99|0x000000008a700000, 0x000000008a700000, 0x000000008a800000|  0%| F|  |TAMS 0x000000008a700000, 0x000000008a700000| Untracked 
| 100|0x000000008a800000, 0x000000008a800000, 0x000000008a900000|  0%| F|  |TAMS 0x000000008a800000, 0x000000008a800000| Untracked 
| 101|0x000000008a900000, 0x000000008a900000, 0x000000008aa00000|  0%| F|  |TAMS 0x000000008a900000, 0x000000008a900000| Untracked 
| 102|0x000000008aa00000, 0x000000008aa00000, 0x000000008ab00000|  0%| F|  |TAMS 0x000000008aa00000, 0x000000008aa00000| Untracked 
| 103|0x000000008ab00000, 0x000000008ab00000, 0x000000008ac00000|  0%| F|  |TAMS 0x000000008ab00000, 0x000000008ab00000| Untracked 
| 104|0x000000008ac00000, 0x000000008ac00000, 0x000000008ad00000|  0%| F|  |TAMS 0x000000008ac00000, 0x000000008ac00000| Untracked 
| 105|0x000000008ad00000, 0x000000008ad00000, 0x000000008ae00000|  0%| F|  |TAMS 0x000000008ad00000, 0x000000008ad00000| Untracked 
| 106|0x000000008ae00000, 0x000000008ae00000, 0x000000008af00000|  0%| F|  |TAMS 0x000000008ae00000, 0x000000008ae00000| Untracked 
| 107|0x000000008af00000, 0x000000008af00000, 0x000000008b000000|  0%| F|  |TAMS 0x000000008af00000, 0x000000008af00000| Untracked 
| 108|0x000000008b000000, 0x000000008b000000, 0x000000008b100000|  0%| F|  |TAMS 0x000000008b000000, 0x000000008b000000| Untracked 
| 109|0x000000008b100000, 0x000000008b100000, 0x000000008b200000|  0%| F|  |TAMS 0x000000008b100000, 0x000000008b100000| Untracked 
| 110|0x000000008b200000, 0x000000008b200000, 0x000000008b300000|  0%| F|  |TAMS 0x000000008b200000, 0x000000008b200000| Untracked 
| 111|0x000000008b300000, 0x000000008b300000, 0x000000008b400000|  0%| F|  |TAMS 0x000000008b300000, 0x000000008b300000| Untracked 
| 112|0x000000008b400000, 0x000000008b400000, 0x000000008b500000|  0%| F|  |TAMS 0x000000008b400000, 0x000000008b400000| Untracked 
| 113|0x000000008b500000, 0x000000008b500000, 0x000000008b600000|  0%| F|  |TAMS 0x000000008b500000, 0x000000008b500000| Untracked 
| 114|0x000000008b600000, 0x000000008b600000, 0x000000008b700000|  0%| F|  |TAMS 0x000000008b600000, 0x000000008b600000| Untracked 
| 115|0x000000008b700000, 0x000000008b700000, 0x000000008b800000|  0%| F|  |TAMS 0x000000008b700000, 0x000000008b700000| Untracked 
| 116|0x000000008b800000, 0x000000008b800000, 0x000000008b900000|  0%| F|  |TAMS 0x000000008b800000, 0x000000008b800000| Untracked 
| 117|0x000000008b900000, 0x000000008b900000, 0x000000008ba00000|  0%| F|  |TAMS 0x000000008b900000, 0x000000008b900000| Untracked 
| 118|0x000000008ba00000, 0x000000008ba00000, 0x000000008bb00000|  0%| F|  |TAMS 0x000000008ba00000, 0x000000008ba00000| Untracked 
| 119|0x000000008bb00000, 0x000000008bb00000, 0x000000008bc00000|  0%| F|  |TAMS 0x000000008bb00000, 0x000000008bb00000| Untracked 
| 120|0x000000008bc00000, 0x000000008bc00000, 0x000000008bd00000|  0%| F|  |TAMS 0x000000008bc00000, 0x000000008bc00000| Untracked 
| 121|0x000000008bd00000, 0x000000008bdec0a8, 0x000000008be00000| 92%| E|  |TAMS 0x000000008bd00000, 0x000000008bd00000| Complete 
| 122|0x000000008be00000, 0x000000008bf00000, 0x000000008bf00000|100%| E|CS|TAMS 0x000000008be00000, 0x000000008be00000| Complete 
| 123|0x000000008bf00000, 0x000000008c000000, 0x000000008c000000|100%| E|CS|TAMS 0x000000008bf00000, 0x000000008bf00000| Complete 

Card table byte_map: [0x0000027ff5490000,0x0000027ff5870000] _byte_map_base: 0x0000027ff506e000

Marking Bits (Prev, Next): (CMBitMap*) 0x0000027fed54c300, (CMBitMap*) 0x0000027fed54c340
 Prev Bits: [0x0000027ff5c50000, 0x0000027ff7b40000)
 Next Bits: [0x0000027ff7b40000, 0x0000027ff9a30000)

Polling page: 0x0000027feccf0000

Metaspace:

Usage:
  Non-class:      1.54 MB used.
      Class:    148.85 KB used.
       Both:      1.69 MB used.

Virtual space:
  Non-class space:        8.00 MB reserved,       1.56 MB ( 20%) committed,  1 nodes.
      Class space:        1.00 GB reserved,     256.00 KB ( <1%) committed,  1 nodes.
             Both:        1.01 GB reserved,       1.81 MB ( <1%) committed. 

Chunk freelists:
   Non-Class:  3.94 MB
       Class:  3.72 MB
        Both:  7.66 MB

MaxMetaspaceSize: unlimited
CompressedClassSpaceSize: 1.00 GB
Initial GC threshold: 21.00 MB
Current GC threshold: 21.00 MB
CDS: on
MetaspaceReclaimPolicy: balanced
 - commit_granule_bytes: 65536.
 - commit_granule_words: 8192.
 - virtual_space_node_default_size: 1048576.
 - enlarge_chunks_in_place: 1.
 - new_chunks_are_fully_committed: 0.
 - uncommit_free_chunks: 1.
 - use_allocation_guard: 0.
 - handle_deallocations: 1.


Internal statistics:

num_allocs_failed_limit: 0.
num_arena_births: 56.
num_arena_deaths: 0.
num_vsnodes_births: 2.
num_vsnodes_deaths: 0.
num_space_committed: 29.
num_space_uncommitted: 0.
num_chunks_returned_to_freelist: 0.
num_chunks_taken_from_freelist: 64.
num_chunk_merges: 0.
num_chunk_splits: 41.
num_chunks_enlarged: 20.
num_purges: 0.
num_inconsistent_stats: 0.

CodeHeap 'non-profiled nmethods': size=120000Kb used=117Kb max_used=117Kb free=119882Kb
 bounds [0x0000027f87ad0000, 0x0000027f87d40000, 0x0000027f8f000000]
CodeHeap 'profiled nmethods': size=120000Kb used=410Kb max_used=410Kb free=119589Kb
 bounds [0x0000027f805a0000, 0x0000027f80810000, 0x0000027f87ad0000]
CodeHeap 'non-nmethods': size=5760Kb used=1137Kb max_used=1150Kb free=4623Kb
 bounds [0x0000027f80000000, 0x0000027f80270000, 0x0000027f805a0000]
 total_blobs=746 nmethods=339 adapters=320
 compilation: enabled
              stopped_count=0, restarted_count=0
 full_count=0

Compilation events (20 events):
Event: 0.122 Thread 0x0000027ffc431910 nmethod 320 0x0000027f80600190 code [0x0000027f80600320, 0x0000027f806004b8]
Event: 0.122 Thread 0x0000027ffc431910  323       3       java.lang.invoke.LambdaForm::parameter (38 bytes)
Event: 0.122 Thread 0x0000027ffc431910 nmethod 323 0x0000027f80600590 code [0x0000027f80600720, 0x0000027f80600858]
Event: 0.122 Thread 0x0000027ffc431910  325       3       java.lang.invoke.MethodType::parameterSlotCount (8 bytes)
Event: 0.123 Thread 0x0000027ffc431910 nmethod 325 0x0000027f80600910 code [0x0000027f80600aa0, 0x0000027f80600bd8]
Event: 0.123 Thread 0x0000027ffc431910  326       3       java.lang.invoke.LambdaForm::internArgument (85 bytes)
Event: 0.123 Thread 0x0000027ffc431910 nmethod 326 0x0000027f80600c90 code [0x0000027f80600e60, 0x0000027f806011c8]
Event: 0.123 Thread 0x0000027ffc431910  328       3       java.lang.invoke.InvokerBytecodeGenerator::emitImplicitConversion (161 bytes)
Event: 0.123 Thread 0x0000027ffc425960  331       4       java.lang.invoke.MethodType::parameterType (7 bytes)
Event: 0.124 Thread 0x0000027ffc425960 nmethod 331 0x0000027f87aec790 code [0x0000027f87aec900, 0x0000027f87aec9b8]
Event: 0.124 Thread 0x0000027ffc431910 nmethod 328 0x0000027f80601390 code [0x0000027f806016a0, 0x0000027f80602538]
Event: 0.124 Thread 0x0000027ffc431910  336       3       jdk.internal.org.objectweb.asm.SymbolTable::addType (81 bytes)
Event: 0.124 Thread 0x0000027ffc431910 nmethod 336 0x0000027f80602a10 code [0x0000027f80602c20, 0x0000027f80603178]
Event: 0.124 Thread 0x0000027ffc431910  332       3       java.lang.invoke.LambdaForm$Name::<init> (44 bytes)
Event: 0.125 Thread 0x0000027ffc431910 nmethod 332 0x0000027f80603410 code [0x0000027f80603620, 0x0000027f80603be8]
Event: 0.125 Thread 0x0000027ffc431910  333       3       java.lang.invoke.LambdaForm$NamedFunction::returnType (11 bytes)
Event: 0.125 Thread 0x0000027ffc431910 nmethod 333 0x0000027f80603f10 code [0x0000027f80604100, 0x0000027f80604568]
Event: 0.125 Thread 0x0000027ffc431910  327       3       jdk.internal.org.objectweb.asm.Frame::push (59 bytes)
Event: 0.126 Thread 0x0000027ffc431910 nmethod 327 0x0000027f80604790 code [0x0000027f806049c0, 0x0000027f80605118]
Event: 0.126 Thread 0x0000027ffc431910  339       3       java.lang.invoke.InvokerBytecodeGenerator::emitPushArgument (150 bytes)

GC Heap History (0 events):
No events

Deoptimization events (0 events):
No events

Classes unloaded (0 events):
No events

Classes redefined (0 events):
No events

Internal exceptions (7 events):
Event: 0.059 Thread 0x0000027fed50d580 Exception <a 'sun/nio/fs/WindowsException'{0x000000008be3f450}> (0x000000008be3f450) 
thrown [t:\workspace\open\src\hotspot\share\prims\jni.cpp, line 516]
Event: 0.059 Thread 0x0000027fed50d580 Exception <a 'sun/nio/fs/WindowsException'{0x000000008be3f998}> (0x000000008be3f998) 
thrown [t:\workspace\open\src\hotspot\share\prims\jni.cpp, line 516]
Event: 0.060 Thread 0x0000027fed50d580 Exception <a 'sun/nio/fs/WindowsException'{0x000000008be41ce0}> (0x000000008be41ce0) 
thrown [t:\workspace\open\src\hotspot\share\prims\jni.cpp, line 516]
Event: 0.060 Thread 0x0000027fed50d580 Exception <a 'sun/nio/fs/WindowsException'{0x000000008be42778}> (0x000000008be42778) 
thrown [t:\workspace\open\src\hotspot\share\prims\jni.cpp, line 516]
Event: 0.088 Thread 0x0000027fed50d580 Exception <a 'java/lang/ClassNotFoundException'{0x000000008bee1908}: sun/awt/resources/spi/awtProvider> (0x000000008bee1908) 
thrown [t:\workspace\open\src\hotspot\share\classfile\systemDictionary.cpp, line 256]
Event: 0.105 Thread 0x0000027fed50d580 Exception <a 'java/io/FileNotFoundException'{0x000000008bd350e0}> (0x000000008bd350e0) 
thrown [t:\workspace\open\src\hotspot\share\prims\jni.cpp, line 516]
Event: 0.111 Thread 0x0000027fed50d580 Exception <a 'java/io/FileNotFoundException'{0x000000008bd62070}> (0x000000008bd62070) 
thrown [t:\workspace\open\src\hotspot\share\prims\jni.cpp, line 516]

VM Operations (2 events):
Event: 0.061 Executing VM operation: HandshakeAllThreads
Event: 0.061 Executing VM operation: HandshakeAllThreads done

Events (20 events):
Event: 0.121 loading class java/awt/EventQueue$3 done
Event: 0.121 loading class java/awt/Queue
Event: 0.121 loading class java/awt/Queue done
Event: 0.125 loading class sun/awt/MostRecentKeyValue
Event: 0.125 loading class sun/awt/MostRecentKeyValue done
Event: 0.125 loading class sun/awt/PostEventQueue
Event: 0.125 loading class sun/awt/PostEventQueue done
Event: 0.125 loading class java/util/Vector
Event: 0.125 loading class java/util/Vector done
Event: 0.125 loading class java/awt/Cursor
Event: 0.125 loading class java/awt/Cursor done
Event: 0.126 loading class java/awt/Point
Event: 0.126 loading class java/awt/geom/Point2D
Event: 0.126 loading class java/awt/geom/Point2D done
Event: 0.126 loading class java/awt/Point done
Event: 0.126 loading class java/awt/Cursor$1
Event: 0.126 loading class sun/awt/AWTAccessor$CursorAccessor
Event: 0.126 loading class sun/awt/AWTAccessor$CursorAccessor done
Event: 0.126 loading class java/awt/Cursor$1 done
Event: 0.126 loading class java/awt/GraphicsEnvironment$LocalGE


Dynamic libraries:
0x00007ff74dde0000 - 0x00007ff74ddf0000 	C:\Program Files\Java\jdk-17.0.2\bin\java.exe
0x00007ffd735c0000 - 0x00007ffd737c9000 	C:\WINDOWS\SYSTEM32\ntdll.dll
0x00007ffd73170000 - 0x00007ffd7322e000 	C:\WINDOWS\System32\KERNEL32.DLL
0x00007ffd70da0000 - 0x00007ffd71124000 	C:\WINDOWS\System32\KERNELBASE.dll
0x00007ffd712f0000 - 0x00007ffd71401000 	C:\WINDOWS\System32\ucrtbase.dll
0x00007ffd59d90000 - 0x00007ffd59daa000 	C:\Program Files\Java\jdk-17.0.2\bin\VCRUNTIME140.dll
0x00007ffd4ef50000 - 0x00007ffd4ef68000 	C:\Program Files\Java\jdk-17.0.2\bin\jli.dll
0x00007ffd71cd0000 - 0x00007ffd71d7f000 	C:\WINDOWS\System32\ADVAPI32.dll
0x00007ffd734a0000 - 0x00007ffd73543000 	C:\WINDOWS\System32\msvcrt.dll
0x00007ffd72140000 - 0x00007ffd721de000 	C:\WINDOWS\System32\sechost.dll
0x00007ffd721e0000 - 0x00007ffd72301000 	C:\WINDOWS\System32\RPCRT4.dll
0x00007ffd71f10000 - 0x00007ffd720bd000 	C:\WINDOWS\System32\USER32.dll
0x00007ffd54200000 - 0x00007ffd544a5000 	C:\WINDOWS\WinSxS\amd64_microsoft.windows.common-controls_6595b64144ccf1df_6.0.22000.120_none_9d947278b86cc467\COMCTL32.dll
0x00007ffd712c0000 - 0x00007ffd712e6000 	C:\WINDOWS\System32\win32u.dll
0x00007ffd73550000 - 0x00007ffd7357a000 	C:\WINDOWS\System32\GDI32.dll
0x00007ffd70c80000 - 0x00007ffd70d9f000 	C:\WINDOWS\System32\gdi32full.dll
0x00007ffd711a0000 - 0x00007ffd7123d000 	C:\WINDOWS\System32\msvcp_win.dll
0x00007ffd6b3f0000 - 0x00007ffd6b3fa000 	C:\WINDOWS\SYSTEM32\VERSION.dll
0x00007ffd73130000 - 0x00007ffd73161000 	C:\WINDOWS\System32\IMM32.DLL
0x00007ffd656b0000 - 0x00007ffd656bc000 	C:\Program Files\Java\jdk-17.0.2\bin\vcruntime140_1.dll
0x00007ffd2e140000 - 0x00007ffd2e1cd000 	C:\Program Files\Java\jdk-17.0.2\bin\msvcp140.dll
0x00007ffce27a0000 - 0x00007ffce3361000 	C:\Program Files\Java\jdk-17.0.2\bin\server\jvm.dll
0x00007ffd72440000 - 0x00007ffd72448000 	C:\WINDOWS\System32\PSAPI.DLL
0x00007ffd6e520000 - 0x00007ffd6e553000 	C:\WINDOWS\SYSTEM32\WINMM.dll
0x00007ffd54c90000 - 0x00007ffd54c99000 	C:\WINDOWS\SYSTEM32\WSOCK32.dll
0x00007ffd71480000 - 0x00007ffd714ef000 	C:\WINDOWS\System32\WS2_32.dll
0x00007ffd6fba0000 - 0x00007ffd6fbb8000 	C:\WINDOWS\SYSTEM32\kernel.appcore.dll
0x00007ffd655e0000 - 0x00007ffd655ea000 	C:\Program Files\Java\jdk-17.0.2\bin\jimage.dll
0x00007ffd6e2f0000 - 0x00007ffd6e511000 	C:\WINDOWS\SYSTEM32\DBGHELP.DLL
0x00007ffd6e560000 - 0x00007ffd6e591000 	C:\WINDOWS\SYSTEM32\dbgcore.DLL
0x00007ffd71240000 - 0x00007ffd712bf000 	C:\WINDOWS\System32\bcryptPrimitives.dll
0x00007ffd59040000 - 0x00007ffd59065000 	C:\Program Files\Java\jdk-17.0.2\bin\java.dll
0x00007ffd2c1f0000 - 0x00007ffd2c2c6000 	C:\Program Files\Java\jdk-17.0.2\bin\jsvml.dll
0x00007ffd71500000 - 0x00007ffd71cc5000 	C:\WINDOWS\System32\SHELL32.dll
0x00007ffd6eb10000 - 0x00007ffd6f374000 	C:\WINDOWS\SYSTEM32\windows.storage.dll
0x00007ffd72450000 - 0x00007ffd727c6000 	C:\WINDOWS\System32\combase.dll
0x00007ffd6e9a0000 - 0x00007ffd6eb07000 	C:\WINDOWS\SYSTEM32\wintypes.dll
0x00007ffd732c0000 - 0x00007ffd733aa000 	C:\WINDOWS\System32\SHCORE.dll
0x00007ffd71410000 - 0x00007ffd7146d000 	C:\WINDOWS\System32\shlwapi.dll
0x00007ffd70980000 - 0x00007ffd709a5000 	C:\WINDOWS\SYSTEM32\profapi.dll
0x00007ffd56370000 - 0x00007ffd56389000 	C:\Program Files\Java\jdk-17.0.2\bin\net.dll
0x00007ffd6c500000 - 0x00007ffd6c613000 	C:\WINDOWS\SYSTEM32\WINHTTP.dll
0x00007ffd70050000 - 0x00007ffd700b7000 	C:\WINDOWS\system32\mswsock.dll
0x00007ffd52500000 - 0x00007ffd52516000 	C:\Program Files\Java\jdk-17.0.2\bin\nio.dll
0x00007ffd2c060000 - 0x00007ffd2c1ef000 	C:\Program Files\Java\jdk-17.0.2\bin\awt.dll
0x00007ffd71e30000 - 0x00007ffd71f06000 	C:\WINDOWS\System32\OLEAUT32.dll
0x00007ffd6d740000 - 0x00007ffd6d7d2000 	C:\WINDOWS\SYSTEM32\apphelp.dll

dbghelp: loaded successfully - version: 4.0.5 - missing functions: none
symbol engine: initialized successfully - sym options: 0x614 - pdb path: .;C:\Program Files\Java\jdk-17.0.2\bin;C:\WINDOWS\SYSTEM32;C:\WINDOWS\WinSxS\amd64_microsoft.windows.common-controls_6595b64144ccf1df_6.0.22000.120_none_9d947278b86cc467;C:\Program Files\Java\jdk-17.0.2\bin\server

VM Arguments:
jvm_args: -Dfile.encoding=UTF-8 --module-path=E:\Documents\NetBeansProjects\Electricity Billing System\build\classes 
java_command: electricity.billing.system.Splash
java_class_path (initial): E:\Documents\NetBeansProjects\Electricity Billing System\build\classes
Launcher Type: SUN_STANDARD

[Global flags]
     intx CICompilerCount                          = 4                                         {product} {ergonomic}
     uint ConcGCThreads                            = 2                                         {product} {ergonomic}
     uint G1ConcRefinementThreads                  = 8                                         {product} {ergonomic}
   size_t G1HeapRegionSize                         = 1048576                                   {product} {ergonomic}
    uintx GCDrainStackTargetSize                   = 64                                        {product} {ergonomic}
   size_t InitialHeapSize                          = 130023424                                 {product} {ergonomic}
   size_t MarkStackSize                            = 4194304                                   {product} {ergonomic}
   size_t MaxHeapSize                              = 2076180480                                {product} {ergonomic}
   size_t MaxNewSize                               = 1245708288                                {product} {ergonomic}
   size_t MinHeapDeltaBytes                        = 1048576                                   {product} {ergonomic}
   size_t MinHeapSize                              = 8388608                                   {product} {ergonomic}
    uintx NonNMethodCodeHeapSize                   = 5839372                                {pd product} {ergonomic}
    uintx NonProfiledCodeHeapSize                  = 122909434                              {pd product} {ergonomic}
    uintx ProfiledCodeHeapSize                     = 122909434                              {pd product} {ergonomic}
    uintx ReservedCodeCacheSize                    = 251658240                              {pd product} {ergonomic}
     bool SegmentedCodeCache                       = true                                      {product} {ergonomic}
   size_t SoftMaxHeapSize                          = 2076180480                             {manageable} {ergonomic}
     bool UseCompressedClassPointers               = true                           {product lp64_product} {ergonomic}
     bool UseCompressedOops                        = true                           {product lp64_product} {ergonomic}
     bool UseG1GC                                  = true                                      {product} {ergonomic}
     bool UseLargePagesIndividualAllocation        = false                                  {pd product} {ergonomic}

Logging:
Log output configuration:
 #0: stdout all=warning uptime,level,tags
 #1: stderr all=off uptime,level,tags

Environment Variables:
JAVA_HOME=C:\Program Files\Java\jdk-17.0.2
PATH=C:\WINDOWS\system32;C:\WINDOWS;C:\WINDOWS\System32\Wbem;C:\WINDOWS\System32\WindowsPowerShell\v1.0\;C:\WINDOWS\System32\OpenSSH\;C:\Program Files\dotnet\;C:\Program Files\nodejs\;C:\Program Files\Git\cmd;C:\Users\Dell\AppData\Local\Pub\Cache\bin;C:\Program Files\Java\jdk-17.0.2\bin;C:\Program Files\MySQL\MySQL Shell 8.0\bin\;C:\Users\Dell\AppData\Local\Microsoft\WindowsApps;C:\Users\Dell\AppData\Local\Programs\Microsoft VS Code\bin;C:\Users\Dell\AppData\Local\Programs\MiKTeX\miktex\bin\x64\;C:\flutter\flutter\bin;C:\Users\Dell\AppData\Roaming\npm;
USERNAME=Dell
OS=Windows_NT
PROCESSOR_IDENTIFIER=Intel64 Family 6 Model 140 Stepping 1, GenuineIntel



---------------  S Y S T E M  ---------------

OS:
 Windows 11 , 64 bit Build 22000 (10.0.22000.2124)
OS uptime: 17 days 5:32 hours

CPU: total 8 (initial active 8) (4 cores per cpu, 2 threads per core) family 6 model 140 stepping 1 microcode 0xa4, cx8, cmov, fxsr, ht, mmx, 3dnowpref, sse, sse2, sse3, ssse3, sse4.1, sse4.2, popcnt, lzcnt, tsc, tscinvbit, avx, avx2, aes, erms, clmul, bmi1, bmi2, adx, avx512f, avx512dq, avx512cd, avx512bw, avx512vl, sha, fma, vzeroupper, avx512_vpopcntdq, avx512_vpclmulqdq, avx512_vaes, avx512_vnni, clflush, clflushopt, clwb, avx512_vbmi2, avx512_vbmi

Memory: 4k page, system-wide physical 7914M (773M free)
TotalPageFile size 32490M (AvailPageFile size 0M)
current process WorkingSet (physical memory assigned to process): 37M, peak: 37M
current process commit charge ("private bytes"): 208M, peak: 208M

vm_info: Java HotSpot(TM) 64-Bit Server VM (17.0.2+8-LTS-86) for windows-amd64 JRE (17.0.2+8-LTS-86), built on Dec  7 2021 21:51:03 by "mach5one" with MS VC++ 16.8 / 16.9 (VS2019)

END.
